<?xml version="1.0" encoding="UTF-8"?>
<!-- Generated by org.testng.reporters.JUnitReportReporter -->
<testsuite hostname="ssk" failures="0" tests="1" name="com.test2.NewTest" time="0.000" errors="0" timestamp="2022-10-27T17:19:46 IST" skipped="1">
  <testcase classname="com.test2.NewTest" name="f" time="0.000">
    <skipped/>
  </testcase> <!-- f -->
  <system-out/>
</testsuite> <!-- com.test2.NewTest -->
