<?xml version="1.0" encoding="UTF-8"?>
<!-- Generated by org.testng.reporters.JUnitReportReporter -->
<testsuite hostname="ssk" failures="0" tests="1" name="testrrrrr.NewTestdemo2" time="0.000" errors="0" timestamp="2022-10-27T17:21:22 IST" skipped="1">
  <testcase classname="testrrrrr.NewTestdemo2" name="f" time="0.000">
    <skipped/>
  </testcase> <!-- f -->
  <system-out/>
</testsuite> <!-- testrrrrr.NewTestdemo2 -->
